<?xml version="1.0" encoding="utf-8"?><testsuites name="pytest tests"><testsuite name="pytest" errors="0" failures="0" skipped="0" tests="13" time="2.477" timestamp="2026-02-10T23:30:55.801118+00:00" hostname="agent-env-c5315852-27ca-4657-ab0b-57e5fd6bb9dc"><testcase classname="backend.tests.test_social_scheduler.TestAuthEndpoints" name="test_get_current_user" time="0.076" /><testcase classname="backend.tests.test_social_scheduler.TestAuthEndpoints" name="test_login_invalid_credentials" time="0.040" /><testcase classname="backend.tests.test_social_scheduler.TestAuthEndpoints" name="test_unauthorized_access" time="0.037" /><testcase classname="backend.tests.test_social_scheduler.TestPostsEndpoints" name="test_get_posts" time="0.169" /><testcase classname="backend.tests.test_social_scheduler.TestPostsEndpoints" name="test_create_post_draft" time="1.563" /><testcase classname="backend.tests.test_social_scheduler.TestPostsEndpoints" name="test_create_video_post" time="0.044" /><testcase classname="backend.tests.test_social_scheduler.TestPostsEndpoints" name="test_get_posts_by_status" time="0.094" /><testcase classname="backend.tests.test_social_scheduler.TestPostsEndpoints" name="test_post_crud_flow" time="0.128" /><testcase classname="backend.tests.test_social_scheduler.TestSocialAccountsEndpoints" name="test_get_social_accounts" time="0.035" /><testcase classname="backend.tests.test_social_scheduler.TestSocialAccountsEndpoints" name="test_connect_social_account" time="0.053" /><testcase classname="backend.tests.test_social_scheduler.TestStatsEndpoint" name="test_get_stats" time="0.040" /><testcase classname="backend.tests.test_social_scheduler.TestContentPages" name="test_get_terms" time="0.032" /><testcase classname="backend.tests.test_social_scheduler.TestContentPages" name="test_get_privacy" time="0.088" /></testsuite></testsuites>